This file contains any messages produced by compilers while
running configure, to aid debugging if configure makes a mistake.

It was created by configure, which was
generated by GNU Autoconf 2.68.  Invocation command line was

  $ ./configure --with-charset=UTF8

## --------- ##
## Platform. ##
## --------- ##

hostname = admin-2.local
uname -m = x86_64
uname -r = 13.4.0
uname -s = Darwin
uname -v = Darwin Kernel Version 13.4.0: Sun Aug 17 19:50:11 PDT 2014; root:xnu-2422.115.4~1/RELEASE_X86_64

/usr/bin/uname -p = i386
/bin/uname -X     = unknown

/bin/arch              = unknown
/usr/bin/arch -k       = unknown
/usr/convex/getsysinfo = unknown
/usr/bin/hostinfo      = Mach kernel version:
	 Darwin Kernel Version 13.4.0: Sun Aug 17 19:50:11 PDT 2014; root:xnu-2422.115.4~1/RELEASE_X86_64
Kernel configured for up to 2 processors.
2 processors are physically available.
2 processors are logically available.
Processor type: i486 (Intel 80486)
Processors active: 0 1
Primary memory available: 4.00 gigabytes
Default processor set: 191 tasks, 980 threads, 2 processors
Load average: 2.10, Mach factor: 0.48
/bin/machine           = unknown
/usr/bin/oslevel       = unknown
/bin/universe          = unknown

PATH: /Users/sudo/.virtualenvs/hoge/bin
PATH: /opt/local/bin
PATH: /opt/local/sbin
PATH: /usr/sbin
PATH: /Users/sudo/Desktop/TreeTagger/bin
PATH: /Users/sudo/Desktop/TreeTagger/cmd
PATH: /Library/Frameworks/Python.framework/Versions/2.7/bin
PATH: /bin
PATH: /opt/local/bin
PATH: /usr/local/bin
PATH: /usr/bin
PATH: /sbin


## ----------- ##
## Core tests. ##
## ----------- ##

configure:2623: checking for a BSD-compatible install
configure:2691: result: /usr/bin/install -c
configure:2702: checking whether build environment is sane
configure:2752: result: yes
configure:2893: checking for a thread-safe mkdir -p
configure:2932: result: ./install-sh -c -d
configure:2945: checking for gawk
configure:2975: result: no
configure:2945: checking for mawk
configure:2975: result: no
configure:2945: checking for nawk
configure:2975: result: no
configure:2945: checking for awk
configure:2961: found /usr/bin/awk
configure:2972: result: awk
configure:2983: checking whether make sets $(MAKE)
configure:3005: result: yes
configure:3086: checking whether to enable maintainer-specific portions of Makefiles
configure:3095: result: no
configure:3170: checking for gcc
configure:3186: found /usr/bin/gcc
configure:3197: result: gcc
configure:3426: checking for C compiler version
configure:3435: gcc --version >&5
Apple LLVM version 6.0 (clang-600.0.51) (based on LLVM 3.5svn)
Target: x86_64-apple-darwin13.4.0
Thread model: posix
Configured with: --prefix=/Applications/Xcode.app/Contents/Developer/usr --with-gxx-include-dir=/usr/include/c++/4.2.1
configure:3446: $? = 0
configure:3435: gcc -v >&5
Configured with: --prefix=/Applications/Xcode.app/Contents/Developer/usr --with-gxx-include-dir=/usr/include/c++/4.2.1
Apple LLVM version 6.0 (clang-600.0.51) (based on LLVM 3.5svn)
Target: x86_64-apple-darwin13.4.0
Thread model: posix
configure:3446: $? = 0
configure:3435: gcc -V >&5
clang: error: argument to '-V' is missing (expected 1 value)
clang: error: no input files
configure:3446: $? = 1
configure:3435: gcc -qversion >&5
clang: error: unknown argument: '-qversion'
clang: error: no input files
configure:3446: $? = 1
configure:3466: checking whether the C compiler works
configure:3488: gcc    conftest.c -liconv >&5
configure:3492: $? = 0
configure:3540: result: yes
configure:3543: checking for C compiler default output file name
configure:3545: result: a.out
configure:3551: checking for suffix of executables
configure:3558: gcc -o conftest    conftest.c -liconv >&5
configure:3562: $? = 0
configure:3584: result: 
configure:3606: checking whether we are cross compiling
configure:3614: gcc -o conftest    conftest.c -liconv >&5
configure:3618: $? = 0
configure:3625: ./conftest
configure:3629: $? = 0
configure:3644: result: no
configure:3649: checking for suffix of object files
configure:3671: gcc -c   conftest.c >&5
configure:3675: $? = 0
configure:3696: result: o
configure:3700: checking whether we are using the GNU C compiler
configure:3719: gcc -c   conftest.c >&5
configure:3719: $? = 0
configure:3728: result: yes
configure:3737: checking whether gcc accepts -g
configure:3757: gcc -c -g  conftest.c >&5
configure:3757: $? = 0
configure:3798: result: yes
configure:3815: checking for gcc option to accept ISO C89
configure:3879: gcc  -c -g -O2  conftest.c >&5
configure:3879: $? = 0
configure:3892: result: none needed
configure:3923: checking for style of include used by make
configure:3951: result: GNU
configure:3977: checking dependency style of gcc
configure:4088: result: none
configure:4161: checking for g++
configure:4177: found /usr/bin/g++
configure:4188: result: g++
configure:4215: checking for C++ compiler version
configure:4224: g++ --version >&5
Apple LLVM version 6.0 (clang-600.0.51) (based on LLVM 3.5svn)
Target: x86_64-apple-darwin13.4.0
Thread model: posix
Configured with: --prefix=/Applications/Xcode.app/Contents/Developer/usr --with-gxx-include-dir=/usr/include/c++/4.2.1
configure:4235: $? = 0
configure:4224: g++ -v >&5
Configured with: --prefix=/Applications/Xcode.app/Contents/Developer/usr --with-gxx-include-dir=/usr/include/c++/4.2.1
Apple LLVM version 6.0 (clang-600.0.51) (based on LLVM 3.5svn)
Target: x86_64-apple-darwin13.4.0
Thread model: posix
configure:4235: $? = 0
configure:4224: g++ -V >&5
clang: error: argument to '-V' is missing (expected 1 value)
clang: error: no input files
configure:4235: $? = 1
configure:4224: g++ -qversion >&5
clang: error: unknown argument: '-qversion'
clang: error: no input files
configure:4235: $? = 1
configure:4239: checking whether we are using the GNU C++ compiler
configure:4258: g++ -c   conftest.cpp >&5
configure:4258: $? = 0
configure:4267: result: yes
configure:4276: checking whether g++ accepts -g
configure:4296: g++ -c -g  conftest.cpp >&5
configure:4296: $? = 0
configure:4337: result: yes
configure:4362: checking dependency style of g++
configure:4473: result: none
configure:4494: checking how to run the C preprocessor
configure:4525: gcc -E  conftest.c
configure:4525: $? = 0
configure:4539: gcc -E  conftest.c
conftest.c:11:10: fatal error: 'ac_nonexistent.h' file not found
#include <ac_nonexistent.h>
         ^
1 error generated.
configure:4539: $? = 1
configure: failed program was:
| /* confdefs.h */
| #define PACKAGE_NAME ""
| #define PACKAGE_TARNAME ""
| #define PACKAGE_VERSION ""
| #define PACKAGE_STRING ""
| #define PACKAGE_BUGREPORT ""
| #define PACKAGE_URL ""
| #define PACKAGE "cabocha"
| #define VERSION "0.68"
| /* end confdefs.h.  */
| #include <ac_nonexistent.h>
configure:4564: result: gcc -E
configure:4584: gcc -E  conftest.c
configure:4584: $? = 0
configure:4598: gcc -E  conftest.c
conftest.c:11:10: fatal error: 'ac_nonexistent.h' file not found
#include <ac_nonexistent.h>
         ^
1 error generated.
configure:4598: $? = 1
configure: failed program was:
| /* confdefs.h */
| #define PACKAGE_NAME ""
| #define PACKAGE_TARNAME ""
| #define PACKAGE_VERSION ""
| #define PACKAGE_STRING ""
| #define PACKAGE_BUGREPORT ""
| #define PACKAGE_URL ""
| #define PACKAGE "cabocha"
| #define VERSION "0.68"
| /* end confdefs.h.  */
| #include <ac_nonexistent.h>
configure:4627: checking for grep that handles long lines and -e
configure:4685: result: /usr/bin/grep
configure:4690: checking for egrep
configure:4752: result: /usr/bin/grep -E
configure:4758: checking whether gcc needs -traditional
conftest.c:11:10: fatal error: 'termio.h' file not found
#include <termio.h>
         ^
1 error generated.
configure:4792: result: no
configure:4799: checking whether make sets $(MAKE)
configure:4821: result: yes
configure:4834: checking build system type
configure:4848: result: i386-apple-darwin13.4.0
configure:4868: checking host system type
configure:4881: result: i386-apple-darwin13.4.0
configure:5250: checking how to print strings
configure:5277: result: printf
configure:5298: checking for a sed that does not truncate output
configure:5362: result: /usr/bin/sed
configure:5380: checking for fgrep
configure:5442: result: /usr/bin/grep -F
configure:5477: checking for ld used by gcc
configure:5544: result: /Applications/Xcode.app/Contents/Developer/Toolchains/XcodeDefault.xctoolchain/usr/bin/ld
configure:5551: checking if the linker (/Applications/Xcode.app/Contents/Developer/Toolchains/XcodeDefault.xctoolchain/usr/bin/ld) is GNU ld
configure:5566: result: no
configure:5578: checking for BSD- or MS-compatible name lister (nm)
configure:5627: result: /opt/local/bin/nm
configure:5757: checking the name lister (/opt/local/bin/nm) interface
configure:5764: gcc -c -g -O2  conftest.c >&5
configure:5767: /opt/local/bin/nm "conftest.o"
configure:5770: output
0000000000000234 S _some_variable
configure:5777: result: BSD nm
configure:5780: checking whether ln -s works
configure:5784: result: yes
configure:5792: checking the maximum length of command line arguments
configure:5922: result: 196608
configure:5939: checking whether the shell understands some XSI constructs
configure:5949: result: yes
configure:5953: checking whether the shell understands "+="
configure:5959: result: yes
configure:5994: checking how to convert i386-apple-darwin13.4.0 file names to i386-apple-darwin13.4.0 format
configure:6034: result: func_convert_file_noop
configure:6041: checking how to convert i386-apple-darwin13.4.0 file names to toolchain format
configure:6061: result: func_convert_file_noop
configure:6068: checking for /Applications/Xcode.app/Contents/Developer/Toolchains/XcodeDefault.xctoolchain/usr/bin/ld option to reload object files
configure:6075: result: -r
configure:6149: checking for objdump
configure:6176: result: objdump
configure:6205: checking how to recognize dependent libraries
configure:6407: result: pass_all
configure:6492: checking for dlltool
configure:6519: result: dlltool
configure:6549: checking how to associate runtime and link libraries
configure:6576: result: printf %s\n
configure:6636: checking for ar
configure:6652: found /opt/local/bin/ar
configure:6663: result: ar
configure:6700: checking for archiver @FILE support
configure:6717: gcc -c -g -O2  conftest.c >&5
configure:6717: $? = 0
configure:6720: ar cru libconftest.a @conftest.lst >&5
ar: @conftest.lst: No such file or directory
configure:6723: $? = 1
configure:6743: result: no
configure:6801: checking for strip
configure:6817: found /opt/local/bin/strip
configure:6828: result: strip
configure:6900: checking for ranlib
configure:6916: found /opt/local/bin/ranlib
configure:6927: result: ranlib
configure:7029: checking command to parse /opt/local/bin/nm output from gcc object
configure:7149: gcc -c -g -O2  conftest.c >&5
configure:7152: $? = 0
configure:7156: /opt/local/bin/nm conftest.o \| sed -n -e 's/^.*[ ]\([BCDEGRST][BCDEGRST]*\)[ ][ ]*\([_A-Za-z][_A-Za-z0-9]*\)$/\1 \2 \2/p' | sed '/ __gnu_lto/d' \> conftest.nm
configure:7159: $? = 0
cannot find nm_test_var in conftest.nm
configure:7149: gcc -c -g -O2  conftest.c >&5
configure:7152: $? = 0
configure:7156: /opt/local/bin/nm conftest.o \| sed -n -e 's/^.*[ ]\([BCDEGRST][BCDEGRST]*\)[ ][ ]*_\([_A-Za-z][_A-Za-z0-9]*\)$/\1 _\2 \2/p' | sed '/ __gnu_lto/d' \> conftest.nm
configure:7159: $? = 0
configure:7225: gcc -o conftest -g -O2   conftest.c conftstm.o >&5
configure:7228: $? = 0
configure:7266: result: ok
configure:7303: checking for sysroot
configure:7333: result: no
configure:7589: checking for mt
configure:7619: result: no
configure:7639: checking if : is a manifest tool
configure:7645: : '-?'
configure:7653: result: no
configure:7709: checking for dsymutil
configure:7725: found /usr/bin/dsymutil
configure:7736: result: dsymutil
configure:7801: checking for nmedit
configure:7817: found /opt/local/bin/nmedit
configure:7828: result: nmedit
configure:7893: checking for lipo
configure:7909: found /opt/local/bin/lipo
configure:7920: result: lipo
configure:7985: checking for otool
configure:8001: found /opt/local/bin/otool
configure:8012: result: otool
configure:8077: checking for otool64
configure:8107: result: no
configure:8152: checking for -single_module linker flag
gcc -g -O2  -o libconftest.dylib -dynamiclib -Wl,-single_module conftest.c
configure:8185: result: yes
configure:8188: checking for -exported_symbols_list linker flag
configure:8208: gcc -o conftest -g -O2   -Wl,-exported_symbols_list,conftest.sym conftest.c -liconv >&5
configure:8208: $? = 0
configure:8218: result: yes
configure:8221: checking for -force_load linker flag
gcc -g -O2 -c -o conftest.o conftest.c
ar cru libconftest.a conftest.o
ranlib libconftest.a
gcc -g -O2  -o conftest conftest.c -Wl,-force_load,./libconftest.a
configure:8253: result: yes
configure:8290: checking for ANSI C header files
configure:8310: gcc -c -g -O2  conftest.c >&5
configure:8310: $? = 0
configure:8383: gcc -o conftest -g -O2   conftest.c -liconv >&5
configure:8383: $? = 0
configure:8383: ./conftest
configure:8383: $? = 0
configure:8394: result: yes
configure:8407: checking for sys/types.h
configure:8407: gcc -c -g -O2  conftest.c >&5
configure:8407: $? = 0
configure:8407: result: yes
configure:8407: checking for sys/stat.h
configure:8407: gcc -c -g -O2  conftest.c >&5
configure:8407: $? = 0
configure:8407: result: yes
configure:8407: checking for stdlib.h
configure:8407: gcc -c -g -O2  conftest.c >&5
configure:8407: $? = 0
configure:8407: result: yes
configure:8407: checking for string.h
configure:8407: gcc -c -g -O2  conftest.c >&5
configure:8407: $? = 0
configure:8407: result: yes
configure:8407: checking for memory.h
configure:8407: gcc -c -g -O2  conftest.c >&5
configure:8407: $? = 0
configure:8407: result: yes
configure:8407: checking for strings.h
configure:8407: gcc -c -g -O2  conftest.c >&5
configure:8407: $? = 0
configure:8407: result: yes
configure:8407: checking for inttypes.h
configure:8407: gcc -c -g -O2  conftest.c >&5
configure:8407: $? = 0
configure:8407: result: yes
configure:8407: checking for stdint.h
configure:8407: gcc -c -g -O2  conftest.c >&5
configure:8407: $? = 0
configure:8407: result: yes
configure:8407: checking for unistd.h
configure:8407: gcc -c -g -O2  conftest.c >&5
configure:8407: $? = 0
configure:8407: result: yes
configure:8421: checking for dlfcn.h
configure:8421: gcc -c -g -O2  conftest.c >&5
configure:8421: $? = 0
configure:8421: result: yes
configure:8636: checking for objdir
configure:8651: result: .libs
configure:8918: checking if gcc supports -fno-rtti -fno-exceptions
configure:8936: gcc -c -g -O2  -fno-rtti -fno-exceptions conftest.c >&5
configure:8940: $? = 0
configure:8953: result: yes
configure:9280: checking for gcc option to produce PIC
configure:9287: result: -fno-common -DPIC
configure:9295: checking if gcc PIC flag -fno-common -DPIC works
configure:9313: gcc -c -g -O2  -fno-common -DPIC -DPIC conftest.c >&5
configure:9317: $? = 0
configure:9330: result: yes
configure:9359: checking if gcc static flag -static works
configure:9387: result: no
configure:9402: checking if gcc supports -c -o file.o
configure:9423: gcc -c -g -O2  -o out/conftest2.o conftest.c >&5
configure:9427: $? = 0
configure:9449: result: yes
configure:9457: checking if gcc supports -c -o file.o
configure:9504: result: yes
configure:9537: checking whether the gcc linker (/Applications/Xcode.app/Contents/Developer/Toolchains/XcodeDefault.xctoolchain/usr/bin/ld) supports shared libraries
configure:10694: result: yes
configure:10934: checking dynamic linker characteristics
configure:11679: result: darwin13.4.0 dyld
configure:11786: checking how to hardcode library paths into programs
configure:11811: result: immediate
configure:12351: checking whether stripping libraries is possible
configure:12365: result: yes
configure:12391: checking if libtool supports shared libraries
configure:12393: result: yes
configure:12396: checking whether to build shared libraries
configure:12417: result: yes
configure:12420: checking whether to build static libraries
configure:12424: result: yes
configure:12447: checking how to run the C++ preprocessor
configure:12474: g++ -E  conftest.cpp
configure:12474: $? = 0
configure:12488: g++ -E  conftest.cpp
conftest.cpp:23:10: fatal error: 'ac_nonexistent.h' file not found
#include <ac_nonexistent.h>
         ^
1 error generated.
configure:12488: $? = 1
configure: failed program was:
| /* confdefs.h */
| #define PACKAGE_NAME ""
| #define PACKAGE_TARNAME ""
| #define PACKAGE_VERSION ""
| #define PACKAGE_STRING ""
| #define PACKAGE_BUGREPORT ""
| #define PACKAGE_URL ""
| #define PACKAGE "cabocha"
| #define VERSION "0.68"
| #define STDC_HEADERS 1
| #define HAVE_SYS_TYPES_H 1
| #define HAVE_SYS_STAT_H 1
| #define HAVE_STDLIB_H 1
| #define HAVE_STRING_H 1
| #define HAVE_MEMORY_H 1
| #define HAVE_STRINGS_H 1
| #define HAVE_INTTYPES_H 1
| #define HAVE_STDINT_H 1
| #define HAVE_UNISTD_H 1
| #define HAVE_DLFCN_H 1
| #define LT_OBJDIR ".libs/"
| /* end confdefs.h.  */
| #include <ac_nonexistent.h>
configure:12513: result: g++ -E
configure:12533: g++ -E  conftest.cpp
configure:12533: $? = 0
configure:12547: g++ -E  conftest.cpp
conftest.cpp:23:10: fatal error: 'ac_nonexistent.h' file not found
#include <ac_nonexistent.h>
         ^
1 error generated.
configure:12547: $? = 1
configure: failed program was:
| /* confdefs.h */
| #define PACKAGE_NAME ""
| #define PACKAGE_TARNAME ""
| #define PACKAGE_VERSION ""
| #define PACKAGE_STRING ""
| #define PACKAGE_BUGREPORT ""
| #define PACKAGE_URL ""
| #define PACKAGE "cabocha"
| #define VERSION "0.68"
| #define STDC_HEADERS 1
| #define HAVE_SYS_TYPES_H 1
| #define HAVE_SYS_STAT_H 1
| #define HAVE_STDLIB_H 1
| #define HAVE_STRING_H 1
| #define HAVE_MEMORY_H 1
| #define HAVE_STRINGS_H 1
| #define HAVE_INTTYPES_H 1
| #define HAVE_STDINT_H 1
| #define HAVE_UNISTD_H 1
| #define HAVE_DLFCN_H 1
| #define LT_OBJDIR ".libs/"
| /* end confdefs.h.  */
| #include <ac_nonexistent.h>
configure:12716: checking for ld used by g++
configure:12783: result: /Applications/Xcode.app/Contents/Developer/Toolchains/XcodeDefault.xctoolchain/usr/bin/ld
configure:12790: checking if the linker (/Applications/Xcode.app/Contents/Developer/Toolchains/XcodeDefault.xctoolchain/usr/bin/ld) is GNU ld
configure:12805: result: no
configure:12860: checking whether the g++ linker (/Applications/Xcode.app/Contents/Developer/Toolchains/XcodeDefault.xctoolchain/usr/bin/ld) supports shared libraries
configure:13865: result: yes
configure:13901: g++ -c -g -O2  conftest.cpp >&5
configure:13904: $? = 0
configure:14424: checking for g++ option to produce PIC
configure:14431: result: -fno-common -DPIC
configure:14439: checking if g++ PIC flag -fno-common -DPIC works
configure:14457: g++ -c -g -O2  -fno-common -DPIC -DPIC conftest.cpp >&5
configure:14461: $? = 0
configure:14474: result: yes
configure:14497: checking if g++ static flag -static works
configure:14525: result: no
configure:14537: checking if g++ supports -c -o file.o
configure:14558: g++ -c -g -O2  -o out/conftest2.o conftest.cpp >&5
configure:14562: $? = 0
configure:14584: result: yes
configure:14589: checking if g++ supports -c -o file.o
configure:14636: result: yes
configure:14666: checking whether the g++ linker (/Applications/Xcode.app/Contents/Developer/Toolchains/XcodeDefault.xctoolchain/usr/bin/ld) supports shared libraries
configure:14705: result: yes
configure:14846: checking dynamic linker characteristics
configure:15525: result: darwin13.4.0 dyld
configure:15578: checking how to hardcode library paths into programs
configure:15603: result: immediate
configure:15664: checking for library containing strerror
configure:15695: gcc -o conftest -g -O2   conftest.c -liconv >&5
conftest.c:30:6: warning: incompatible redeclaration of library function 'strerror' [-Wincompatible-library-redeclaration]
char strerror ();
     ^
conftest.c:30:6: note: 'strerror' is a builtin with type 'char *(int)'
1 warning generated.
configure:15695: $? = 0
configure:15712: result: none required
configure:15766: checking for ld used by GCC
configure:15830: result: /Applications/Xcode.app/Contents/Developer/Toolchains/XcodeDefault.xctoolchain/usr/bin/ld
configure:15837: checking if the linker (/Applications/Xcode.app/Contents/Developer/Toolchains/XcodeDefault.xctoolchain/usr/bin/ld) is GNU ld
configure:15850: result: no
configure:15857: checking for shared library run path origin
configure:15870: result: done
configure:16448: checking for iconv
configure:16470: gcc -o conftest -g -O2   conftest.c -liconv >&5
Undefined symbols for architecture x86_64:
  "_libiconv", referenced from:
      _main in conftest-31a18d.o
  "_libiconv_close", referenced from:
      _main in conftest-31a18d.o
  "_libiconv_open", referenced from:
      _main in conftest-31a18d.o
ld: symbol(s) not found for architecture x86_64
clang: error: linker command failed with exit code 1 (use -v to see invocation)
configure:16470: $? = 1
configure: failed program was:
| /* confdefs.h */
| #define PACKAGE_NAME ""
| #define PACKAGE_TARNAME ""
| #define PACKAGE_VERSION ""
| #define PACKAGE_STRING ""
| #define PACKAGE_BUGREPORT ""
| #define PACKAGE_URL ""
| #define PACKAGE "cabocha"
| #define VERSION "0.68"
| #define STDC_HEADERS 1
| #define HAVE_SYS_TYPES_H 1
| #define HAVE_SYS_STAT_H 1
| #define HAVE_STDLIB_H 1
| #define HAVE_STRING_H 1
| #define HAVE_MEMORY_H 1
| #define HAVE_STRINGS_H 1
| #define HAVE_INTTYPES_H 1
| #define HAVE_STDINT_H 1
| #define HAVE_UNISTD_H 1
| #define HAVE_DLFCN_H 1
| #define LT_OBJDIR ".libs/"
| /* end confdefs.h.  */
| #include <stdlib.h>
| #include <iconv.h>
| int
| main ()
| {
| iconv_t cd = iconv_open("","");
|        iconv(cd,NULL,NULL,NULL,NULL);
|        iconv_close(cd);
|   ;
|   return 0;
| }
configure:16492: gcc -o conftest -g -O2   conftest.c -liconv -liconv >&5
Undefined symbols for architecture x86_64:
  "_libiconv", referenced from:
      _main in conftest-c36684.o
  "_libiconv_close", referenced from:
      _main in conftest-c36684.o
  "_libiconv_open", referenced from:
      _main in conftest-c36684.o
ld: symbol(s) not found for architecture x86_64
clang: error: linker command failed with exit code 1 (use -v to see invocation)
configure:16492: $? = 1
configure: failed program was:
| /* confdefs.h */
| #define PACKAGE_NAME ""
| #define PACKAGE_TARNAME ""
| #define PACKAGE_VERSION ""
| #define PACKAGE_STRING ""
| #define PACKAGE_BUGREPORT ""
| #define PACKAGE_URL ""
| #define PACKAGE "cabocha"
| #define VERSION "0.68"
| #define STDC_HEADERS 1
| #define HAVE_SYS_TYPES_H 1
| #define HAVE_SYS_STAT_H 1
| #define HAVE_STDLIB_H 1
| #define HAVE_STRING_H 1
| #define HAVE_MEMORY_H 1
| #define HAVE_STRINGS_H 1
| #define HAVE_INTTYPES_H 1
| #define HAVE_STDINT_H 1
| #define HAVE_UNISTD_H 1
| #define HAVE_DLFCN_H 1
| #define LT_OBJDIR ".libs/"
| /* end confdefs.h.  */
| #include <stdlib.h>
| #include <iconv.h>
| int
| main ()
| {
| iconv_t cd = iconv_open("","");
|          iconv(cd,NULL,NULL,NULL,NULL);
|          iconv_close(cd);
|   ;
|   return 0;
| }
configure:16502: result: no, consider installing GNU libiconv
configure:16702: checking for ANSI C header files
configure:16806: result: yes
configure:16814: checking for an ANSI C-conforming const
configure:16879: gcc -c -g -O2  conftest.c >&5
configure:16879: $? = 0
configure:16886: result: yes
configure:16894: checking whether byte ordering is bigendian
configure:16909: gcc -c -g -O2  conftest.c >&5
configure:16909: $? = 0
configure:16954: gcc -c -g -O2  conftest.c >&5
configure:16954: $? = 0
configure:16972: gcc -c -g -O2  conftest.c >&5
conftest.c:31:4: error: use of undeclared identifier 'not'
                 not big endian
                 ^
1 error generated.
configure:16972: $? = 1
configure: failed program was:
| /* confdefs.h */
| #define PACKAGE_NAME ""
| #define PACKAGE_TARNAME ""
| #define PACKAGE_VERSION ""
| #define PACKAGE_STRING ""
| #define PACKAGE_BUGREPORT ""
| #define PACKAGE_URL ""
| #define PACKAGE "cabocha"
| #define VERSION "0.68"
| #define STDC_HEADERS 1
| #define HAVE_SYS_TYPES_H 1
| #define HAVE_SYS_STAT_H 1
| #define HAVE_STDLIB_H 1
| #define HAVE_STRING_H 1
| #define HAVE_MEMORY_H 1
| #define HAVE_STRINGS_H 1
| #define HAVE_INTTYPES_H 1
| #define HAVE_STDINT_H 1
| #define HAVE_UNISTD_H 1
| #define HAVE_DLFCN_H 1
| #define LT_OBJDIR ".libs/"
| #define STDC_HEADERS 1
| /* end confdefs.h.  */
| #include <sys/types.h>
| 		#include <sys/param.h>
| 
| int
| main ()
| {
| #if BYTE_ORDER != BIG_ENDIAN
| 		 not big endian
| 		#endif
| 
|   ;
|   return 0;
| }
configure:17100: result: no
configure:17123: checking for string.h
configure:17123: result: yes
configure:17123: checking for stdlib.h
configure:17123: result: yes
configure:17123: checking for unistd.h
configure:17123: result: yes
configure:17123: checking fcntl.h usability
configure:17123: gcc -c -g -O2  conftest.c >&5
configure:17123: $? = 0
configure:17123: result: yes
configure:17123: checking fcntl.h presence
configure:17123: gcc -E  conftest.c
configure:17123: $? = 0
configure:17123: result: yes
configure:17123: checking for fcntl.h
configure:17123: result: yes
configure:17123: checking for sys/stat.h
configure:17123: result: yes
configure:17123: checking sys/mman.h usability
configure:17123: gcc -c -g -O2  conftest.c >&5
configure:17123: $? = 0
configure:17123: result: yes
configure:17123: checking sys/mman.h presence
configure:17123: gcc -E  conftest.c
configure:17123: $? = 0
configure:17123: result: yes
configure:17123: checking for sys/mman.h
configure:17123: result: yes
configure:17123: checking sys/times.h usability
configure:17123: gcc -c -g -O2  conftest.c >&5
configure:17123: $? = 0
configure:17123: result: yes
configure:17123: checking sys/times.h presence
configure:17123: gcc -E  conftest.c
configure:17123: $? = 0
configure:17123: result: yes
configure:17123: checking for sys/times.h
configure:17123: result: yes
configure:17123: checking for sys/types.h
configure:17123: result: yes
configure:17123: checking dirent.h usability
configure:17123: gcc -c -g -O2  conftest.c >&5
configure:17123: $? = 0
configure:17123: result: yes
configure:17123: checking dirent.h presence
configure:17123: gcc -E  conftest.c
configure:17123: $? = 0
configure:17123: result: yes
configure:17123: checking for dirent.h
configure:17123: result: yes
configure:17123: checking ctype.h usability
configure:17123: gcc -c -g -O2  conftest.c >&5
configure:17123: $? = 0
configure:17123: result: yes
configure:17123: checking ctype.h presence
configure:17123: gcc -E  conftest.c
configure:17123: $? = 0
configure:17123: result: yes
configure:17123: checking for ctype.h
configure:17123: result: yes
configure:17123: checking for sys/types.h
configure:17123: result: yes
configure:17123: checking io.h usability
configure:17123: gcc -c -g -O2  conftest.c >&5
conftest.c:68:10: fatal error: 'io.h' file not found
#include <io.h>
         ^
1 error generated.
configure:17123: $? = 1
configure: failed program was:
| /* confdefs.h */
| #define PACKAGE_NAME ""
| #define PACKAGE_TARNAME ""
| #define PACKAGE_VERSION ""
| #define PACKAGE_STRING ""
| #define PACKAGE_BUGREPORT ""
| #define PACKAGE_URL ""
| #define PACKAGE "cabocha"
| #define VERSION "0.68"
| #define STDC_HEADERS 1
| #define HAVE_SYS_TYPES_H 1
| #define HAVE_SYS_STAT_H 1
| #define HAVE_STDLIB_H 1
| #define HAVE_STRING_H 1
| #define HAVE_MEMORY_H 1
| #define HAVE_STRINGS_H 1
| #define HAVE_INTTYPES_H 1
| #define HAVE_STDINT_H 1
| #define HAVE_UNISTD_H 1
| #define HAVE_DLFCN_H 1
| #define LT_OBJDIR ".libs/"
| #define STDC_HEADERS 1
| #define HAVE_STRING_H 1
| #define HAVE_STDLIB_H 1
| #define HAVE_UNISTD_H 1
| #define HAVE_FCNTL_H 1
| #define HAVE_SYS_STAT_H 1
| #define HAVE_SYS_MMAN_H 1
| #define HAVE_SYS_TIMES_H 1
| #define HAVE_SYS_TYPES_H 1
| #define HAVE_DIRENT_H 1
| #define HAVE_CTYPE_H 1
| #define HAVE_SYS_TYPES_H 1
| /* end confdefs.h.  */
| #include <stdio.h>
| #ifdef HAVE_SYS_TYPES_H
| # include <sys/types.h>
| #endif
| #ifdef HAVE_SYS_STAT_H
| # include <sys/stat.h>
| #endif
| #ifdef STDC_HEADERS
| # include <stdlib.h>
| # include <stddef.h>
| #else
| # ifdef HAVE_STDLIB_H
| #  include <stdlib.h>
| # endif
| #endif
| #ifdef HAVE_STRING_H
| # if !defined STDC_HEADERS && defined HAVE_MEMORY_H
| #  include <memory.h>
| # endif
| # include <string.h>
| #endif
| #ifdef HAVE_STRINGS_H
| # include <strings.h>
| #endif
| #ifdef HAVE_INTTYPES_H
| # include <inttypes.h>
| #endif
| #ifdef HAVE_STDINT_H
| # include <stdint.h>
| #endif
| #ifdef HAVE_UNISTD_H
| # include <unistd.h>
| #endif
| #include <io.h>
configure:17123: result: no
configure:17123: checking io.h presence
configure:17123: gcc -E  conftest.c
conftest.c:35:10: fatal error: 'io.h' file not found
#include <io.h>
         ^
1 error generated.
configure:17123: $? = 1
configure: failed program was:
| /* confdefs.h */
| #define PACKAGE_NAME ""
| #define PACKAGE_TARNAME ""
| #define PACKAGE_VERSION ""
| #define PACKAGE_STRING ""
| #define PACKAGE_BUGREPORT ""
| #define PACKAGE_URL ""
| #define PACKAGE "cabocha"
| #define VERSION "0.68"
| #define STDC_HEADERS 1
| #define HAVE_SYS_TYPES_H 1
| #define HAVE_SYS_STAT_H 1
| #define HAVE_STDLIB_H 1
| #define HAVE_STRING_H 1
| #define HAVE_MEMORY_H 1
| #define HAVE_STRINGS_H 1
| #define HAVE_INTTYPES_H 1
| #define HAVE_STDINT_H 1
| #define HAVE_UNISTD_H 1
| #define HAVE_DLFCN_H 1
| #define LT_OBJDIR ".libs/"
| #define STDC_HEADERS 1
| #define HAVE_STRING_H 1
| #define HAVE_STDLIB_H 1
| #define HAVE_UNISTD_H 1
| #define HAVE_FCNTL_H 1
| #define HAVE_SYS_STAT_H 1
| #define HAVE_SYS_MMAN_H 1
| #define HAVE_SYS_TIMES_H 1
| #define HAVE_SYS_TYPES_H 1
| #define HAVE_DIRENT_H 1
| #define HAVE_CTYPE_H 1
| #define HAVE_SYS_TYPES_H 1
| /* end confdefs.h.  */
| #include <io.h>
configure:17123: result: no
configure:17123: checking for io.h
configure:17123: result: no
configure:17123: checking windows.h usability
configure:17123: gcc -c -g -O2  conftest.c >&5
conftest.c:68:10: fatal error: 'windows.h' file not found
#include <windows.h>
         ^
1 error generated.
configure:17123: $? = 1
configure: failed program was:
| /* confdefs.h */
| #define PACKAGE_NAME ""
| #define PACKAGE_TARNAME ""
| #define PACKAGE_VERSION ""
| #define PACKAGE_STRING ""
| #define PACKAGE_BUGREPORT ""
| #define PACKAGE_URL ""
| #define PACKAGE "cabocha"
| #define VERSION "0.68"
| #define STDC_HEADERS 1
| #define HAVE_SYS_TYPES_H 1
| #define HAVE_SYS_STAT_H 1
| #define HAVE_STDLIB_H 1
| #define HAVE_STRING_H 1
| #define HAVE_MEMORY_H 1
| #define HAVE_STRINGS_H 1
| #define HAVE_INTTYPES_H 1
| #define HAVE_STDINT_H 1
| #define HAVE_UNISTD_H 1
| #define HAVE_DLFCN_H 1
| #define LT_OBJDIR ".libs/"
| #define STDC_HEADERS 1
| #define HAVE_STRING_H 1
| #define HAVE_STDLIB_H 1
| #define HAVE_UNISTD_H 1
| #define HAVE_FCNTL_H 1
| #define HAVE_SYS_STAT_H 1
| #define HAVE_SYS_MMAN_H 1
| #define HAVE_SYS_TIMES_H 1
| #define HAVE_SYS_TYPES_H 1
| #define HAVE_DIRENT_H 1
| #define HAVE_CTYPE_H 1
| #define HAVE_SYS_TYPES_H 1
| /* end confdefs.h.  */
| #include <stdio.h>
| #ifdef HAVE_SYS_TYPES_H
| # include <sys/types.h>
| #endif
| #ifdef HAVE_SYS_STAT_H
| # include <sys/stat.h>
| #endif
| #ifdef STDC_HEADERS
| # include <stdlib.h>
| # include <stddef.h>
| #else
| # ifdef HAVE_STDLIB_H
| #  include <stdlib.h>
| # endif
| #endif
| #ifdef HAVE_STRING_H
| # if !defined STDC_HEADERS && defined HAVE_MEMORY_H
| #  include <memory.h>
| # endif
| # include <string.h>
| #endif
| #ifdef HAVE_STRINGS_H
| # include <strings.h>
| #endif
| #ifdef HAVE_INTTYPES_H
| # include <inttypes.h>
| #endif
| #ifdef HAVE_STDINT_H
| # include <stdint.h>
| #endif
| #ifdef HAVE_UNISTD_H
| # include <unistd.h>
| #endif
| #include <windows.h>
configure:17123: result: no
configure:17123: checking windows.h presence
configure:17123: gcc -E  conftest.c
conftest.c:35:10: fatal error: 'windows.h' file not found
#include <windows.h>
         ^
1 error generated.
configure:17123: $? = 1
configure: failed program was:
| /* confdefs.h */
| #define PACKAGE_NAME ""
| #define PACKAGE_TARNAME ""
| #define PACKAGE_VERSION ""
| #define PACKAGE_STRING ""
| #define PACKAGE_BUGREPORT ""
| #define PACKAGE_URL ""
| #define PACKAGE "cabocha"
| #define VERSION "0.68"
| #define STDC_HEADERS 1
| #define HAVE_SYS_TYPES_H 1
| #define HAVE_SYS_STAT_H 1
| #define HAVE_STDLIB_H 1
| #define HAVE_STRING_H 1
| #define HAVE_MEMORY_H 1
| #define HAVE_STRINGS_H 1
| #define HAVE_INTTYPES_H 1
| #define HAVE_STDINT_H 1
| #define HAVE_UNISTD_H 1
| #define HAVE_DLFCN_H 1
| #define LT_OBJDIR ".libs/"
| #define STDC_HEADERS 1
| #define HAVE_STRING_H 1
| #define HAVE_STDLIB_H 1
| #define HAVE_UNISTD_H 1
| #define HAVE_FCNTL_H 1
| #define HAVE_SYS_STAT_H 1
| #define HAVE_SYS_MMAN_H 1
| #define HAVE_SYS_TIMES_H 1
| #define HAVE_SYS_TYPES_H 1
| #define HAVE_DIRENT_H 1
| #define HAVE_CTYPE_H 1
| #define HAVE_SYS_TYPES_H 1
| /* end confdefs.h.  */
| #include <windows.h>
configure:17123: result: no
configure:17123: checking for windows.h
configure:17123: result: no
configure:17123: checking pthread.h usability
configure:17123: gcc -c -g -O2  conftest.c >&5
configure:17123: $? = 0
configure:17123: result: yes
configure:17123: checking pthread.h presence
configure:17123: gcc -E  conftest.c
configure:17123: $? = 0
configure:17123: result: yes
configure:17123: checking for pthread.h
configure:17123: result: yes
configure:17133: checking for off_t
configure:17133: gcc -c -g -O2  conftest.c >&5
configure:17133: $? = 0
configure:17133: gcc -c -g -O2  conftest.c >&5
conftest.c:72:20: error: expected expression
if (sizeof ((off_t)))
                   ^
1 error generated.
configure:17133: $? = 1
configure: failed program was:
| /* confdefs.h */
| #define PACKAGE_NAME ""
| #define PACKAGE_TARNAME ""
| #define PACKAGE_VERSION ""
| #define PACKAGE_STRING ""
| #define PACKAGE_BUGREPORT ""
| #define PACKAGE_URL ""
| #define PACKAGE "cabocha"
| #define VERSION "0.68"
| #define STDC_HEADERS 1
| #define HAVE_SYS_TYPES_H 1
| #define HAVE_SYS_STAT_H 1
| #define HAVE_STDLIB_H 1
| #define HAVE_STRING_H 1
| #define HAVE_MEMORY_H 1
| #define HAVE_STRINGS_H 1
| #define HAVE_INTTYPES_H 1
| #define HAVE_STDINT_H 1
| #define HAVE_UNISTD_H 1
| #define HAVE_DLFCN_H 1
| #define LT_OBJDIR ".libs/"
| #define STDC_HEADERS 1
| #define HAVE_STRING_H 1
| #define HAVE_STDLIB_H 1
| #define HAVE_UNISTD_H 1
| #define HAVE_FCNTL_H 1
| #define HAVE_SYS_STAT_H 1
| #define HAVE_SYS_MMAN_H 1
| #define HAVE_SYS_TIMES_H 1
| #define HAVE_SYS_TYPES_H 1
| #define HAVE_DIRENT_H 1
| #define HAVE_CTYPE_H 1
| #define HAVE_SYS_TYPES_H 1
| #define HAVE_PTHREAD_H 1
| /* end confdefs.h.  */
| #include <stdio.h>
| #ifdef HAVE_SYS_TYPES_H
| # include <sys/types.h>
| #endif
| #ifdef HAVE_SYS_STAT_H
| # include <sys/stat.h>
| #endif
| #ifdef STDC_HEADERS
| # include <stdlib.h>
| # include <stddef.h>
| #else
| # ifdef HAVE_STDLIB_H
| #  include <stdlib.h>
| # endif
| #endif
| #ifdef HAVE_STRING_H
| # if !defined STDC_HEADERS && defined HAVE_MEMORY_H
| #  include <memory.h>
| # endif
| # include <string.h>
| #endif
| #ifdef HAVE_STRINGS_H
| # include <strings.h>
| #endif
| #ifdef HAVE_INTTYPES_H
| # include <inttypes.h>
| #endif
| #ifdef HAVE_STDINT_H
| # include <stdint.h>
| #endif
| #ifdef HAVE_UNISTD_H
| # include <unistd.h>
| #endif
| int
| main ()
| {
| if (sizeof ((off_t)))
| 	    return 0;
|   ;
|   return 0;
| }
configure:17133: result: yes
configure:17144: checking for size_t
configure:17144: gcc -c -g -O2  conftest.c >&5
configure:17144: $? = 0
configure:17144: gcc -c -g -O2  conftest.c >&5
conftest.c:72:21: error: expected expression
if (sizeof ((size_t)))
                    ^
1 error generated.
configure:17144: $? = 1
configure: failed program was:
| /* confdefs.h */
| #define PACKAGE_NAME ""
| #define PACKAGE_TARNAME ""
| #define PACKAGE_VERSION ""
| #define PACKAGE_STRING ""
| #define PACKAGE_BUGREPORT ""
| #define PACKAGE_URL ""
| #define PACKAGE "cabocha"
| #define VERSION "0.68"
| #define STDC_HEADERS 1
| #define HAVE_SYS_TYPES_H 1
| #define HAVE_SYS_STAT_H 1
| #define HAVE_STDLIB_H 1
| #define HAVE_STRING_H 1
| #define HAVE_MEMORY_H 1
| #define HAVE_STRINGS_H 1
| #define HAVE_INTTYPES_H 1
| #define HAVE_STDINT_H 1
| #define HAVE_UNISTD_H 1
| #define HAVE_DLFCN_H 1
| #define LT_OBJDIR ".libs/"
| #define STDC_HEADERS 1
| #define HAVE_STRING_H 1
| #define HAVE_STDLIB_H 1
| #define HAVE_UNISTD_H 1
| #define HAVE_FCNTL_H 1
| #define HAVE_SYS_STAT_H 1
| #define HAVE_SYS_MMAN_H 1
| #define HAVE_SYS_TIMES_H 1
| #define HAVE_SYS_TYPES_H 1
| #define HAVE_DIRENT_H 1
| #define HAVE_CTYPE_H 1
| #define HAVE_SYS_TYPES_H 1
| #define HAVE_PTHREAD_H 1
| /* end confdefs.h.  */
| #include <stdio.h>
| #ifdef HAVE_SYS_TYPES_H
| # include <sys/types.h>
| #endif
| #ifdef HAVE_SYS_STAT_H
| # include <sys/stat.h>
| #endif
| #ifdef STDC_HEADERS
| # include <stdlib.h>
| # include <stddef.h>
| #else
| # ifdef HAVE_STDLIB_H
| #  include <stdlib.h>
| # endif
| #endif
| #ifdef HAVE_STRING_H
| # if !defined STDC_HEADERS && defined HAVE_MEMORY_H
| #  include <memory.h>
| # endif
| # include <string.h>
| #endif
| #ifdef HAVE_STRINGS_H
| # include <strings.h>
| #endif
| #ifdef HAVE_INTTYPES_H
| # include <inttypes.h>
| #endif
| #ifdef HAVE_STDINT_H
| # include <stdint.h>
| #endif
| #ifdef HAVE_UNISTD_H
| # include <unistd.h>
| #endif
| int
| main ()
| {
| if (sizeof ((size_t)))
| 	    return 0;
|   ;
|   return 0;
| }
configure:17144: result: yes
configure:17159: checking size of char
configure:17164: gcc -o conftest -g -O2   conftest.c -liconv >&5
configure:17164: $? = 0
configure:17164: ./conftest
configure:17164: $? = 0
configure:17178: result: 1
configure:17192: checking size of short
configure:17197: gcc -o conftest -g -O2   conftest.c -liconv >&5
configure:17197: $? = 0
configure:17197: ./conftest
configure:17197: $? = 0
configure:17211: result: 2
configure:17225: checking size of int
configure:17230: gcc -o conftest -g -O2   conftest.c -liconv >&5
configure:17230: $? = 0
configure:17230: ./conftest
configure:17230: $? = 0
configure:17244: result: 4
configure:17258: checking size of long
configure:17263: gcc -o conftest -g -O2   conftest.c -liconv >&5
configure:17263: $? = 0
configure:17263: ./conftest
configure:17263: $? = 0
configure:17277: result: 8
configure:17291: checking size of long long
configure:17296: gcc -o conftest -g -O2   conftest.c -liconv >&5
configure:17296: $? = 0
configure:17296: ./conftest
configure:17296: $? = 0
configure:17310: result: 8
configure:17324: checking size of size_t
configure:17329: gcc -o conftest -g -O2   conftest.c -liconv >&5
configure:17329: $? = 0
configure:17329: ./conftest
configure:17329: $? = 0
configure:17343: result: 8
configure:17353: checking for size_t
configure:17353: result: yes
configure:17371: checking for stdlib.h
configure:17371: result: yes
configure:17371: checking for unistd.h
configure:17371: result: yes
configure:17371: checking for sys/param.h
configure:17371: gcc -c -g -O2  conftest.c >&5
configure:17371: $? = 0
configure:17371: result: yes
configure:17391: checking for getpagesize
configure:17391: gcc -o conftest -g -O2   conftest.c -liconv >&5
configure:17391: $? = 0
configure:17391: result: yes
configure:17400: checking for working mmap
configure:17547: gcc -o conftest -g -O2   conftest.c -liconv >&5
configure:17547: $? = 0
configure:17547: ./conftest
configure:17547: $? = 0
configure:17557: result: yes
configure:17568: checking for getenv
configure:17568: gcc -o conftest -g -O2   conftest.c -liconv >&5
configure:17568: $? = 0
configure:17568: result: yes
configure:17579: checking for opendir
configure:17579: gcc -o conftest -g -O2   conftest.c -liconv >&5
configure:17579: $? = 0
configure:17579: result: yes
configure:17590: checking for snprintf
configure:17590: gcc -o conftest -g -O2   conftest.c -liconv >&5
conftest.c:72:6: warning: incompatible redeclaration of library function 'snprintf' [-Wincompatible-library-redeclaration]
char snprintf ();
     ^
conftest.c:72:6: note: 'snprintf' is a builtin with type 'int (char *, unsigned long, const char *, ...)'
1 warning generated.
configure:17590: $? = 0
configure:17590: result: yes
configure:17674: checking for mecab-config
configure:17692: found /opt/local/bin/mecab-config
configure:17704: result: /opt/local/bin/mecab-config
configure:17727: checking whether iconv supports EUC-JP-MS and CP932
configure:17739: checking for main in -lstdc++
configure:17758: g++ -o conftest -O3 -Wno-deprecated -Wall   conftest.cpp -lstdc++  -liconv -L/opt/local/lib -lmecab -lstdc++ >&5
configure:17758: $? = 0
configure:17767: result: yes
configure:17773: checking for crfpp_new in -lcrfpp
configure:17798: g++ -o conftest -O3 -Wno-deprecated -Wall   conftest.cpp -lcrfpp  -liconv -L/opt/local/lib -lmecab -lstdc++ >&5
configure:17798: $? = 0
configure:17807: result: yes
configure:17813: checking for mecab_new in -lmecab
configure:17838: g++ -o conftest -O3 -Wno-deprecated -Wall   conftest.cpp -lmecab  -liconv -L/opt/local/lib -lmecab -lstdc++ >&5
configure:17838: $? = 0
configure:17847: result: yes
configure:17861: checking if g++ supports stl <vector> (required)
configure:17878: g++ -c -O3 -Wno-deprecated -Wall  conftest.cpp >&5
configure:17878: $? = 0
configure:17890: result: yes
configure:17894: checking if g++ supports stl <list> (required)
configure:17911: g++ -c -O3 -Wno-deprecated -Wall  conftest.cpp >&5
configure:17911: $? = 0
configure:17923: result: yes
configure:17927: checking if g++ supports stl <map> (required)
configure:17944: g++ -c -O3 -Wno-deprecated -Wall  conftest.cpp >&5
configure:17944: $? = 0
configure:17956: result: yes
configure:17960: checking if g++ supports stl <set> (required)
configure:17977: g++ -c -O3 -Wno-deprecated -Wall  conftest.cpp >&5
configure:17977: $? = 0
configure:17989: result: yes
configure:17993: checking if g++ supports stl <queue> (required)
configure:18010: g++ -c -O3 -Wno-deprecated -Wall  conftest.cpp >&5
configure:18010: $? = 0
configure:18022: result: yes
configure:18026: checking if g++ supports stl <functional> (required)
configure:18043: g++ -c -O3 -Wno-deprecated -Wall  conftest.cpp >&5
configure:18043: $? = 0
configure:18055: result: yes
configure:18059: checking if g++ supports stl <algorithm> (required)
configure:18076: g++ -c -O3 -Wno-deprecated -Wall  conftest.cpp >&5
configure:18076: $? = 0
configure:18088: result: yes
configure:18092: checking if g++ supports stl <string> (required)
configure:18109: g++ -c -O3 -Wno-deprecated -Wall  conftest.cpp >&5
configure:18109: $? = 0
configure:18121: result: yes
configure:18125: checking if g++ supports stl <iostream> (required)
configure:18142: g++ -c -O3 -Wno-deprecated -Wall  conftest.cpp >&5
configure:18142: $? = 0
configure:18154: result: yes
configure:18158: checking if g++ supports stl <strstream> (required)
configure:18175: g++ -c -O3 -Wno-deprecated -Wall  conftest.cpp >&5
configure:18175: $? = 0
configure:18187: result: yes
configure:18191: checking if g++ supports stl <fstream> (required)
configure:18208: g++ -c -O3 -Wno-deprecated -Wall  conftest.cpp >&5
configure:18208: $? = 0
configure:18220: result: yes
configure:18225: checking if g++ supports template <class T> (required)
configure:18244: g++ -c -O3 -Wno-deprecated -Wall  conftest.cpp >&5
configure:18244: $? = 0
configure:18256: result: yes
configure:18260: checking if g++ supports const_cast<> (required)
configure:18278: g++ -c -O3 -Wno-deprecated -Wall  conftest.cpp >&5
conftest.cpp:59:9: warning: unused variable 'c1' [-Wunused-variable]
   foo *c1=const_cast<foo*>(c);
        ^
1 warning generated.
configure:18278: $? = 0
configure:18290: result: yes
configure:18294: checking if g++ supports static_cast<> (required)
configure:18312: g++ -c -O3 -Wno-deprecated -Wall  conftest.cpp >&5
conftest.cpp:59:10: warning: unused variable 'c1' [-Wunused-variable]
   void *c1 = static_cast<void *>(c);
         ^
1 warning generated.
configure:18312: $? = 0
configure:18324: result: yes
configure:18328: checking if g++ supports dynamic_cast<> (required)
configure:18347: g++ -c -O3 -Wno-deprecated -Wall  conftest.cpp >&5
conftest.cpp:60:9: warning: unused variable 'c1' [-Wunused-variable]
   foo *c1 = dynamic_cast<foo *>(c);
        ^
1 warning generated.
configure:18347: $? = 0
configure:18359: result: yes
configure:18363: checking if g++ supports reinterpret_cast<> (required)
configure:18380: g++ -c -O3 -Wno-deprecated -Wall  conftest.cpp >&5
conftest.cpp:58:10: warning: unused variable 'p' [-Wunused-variable]
   char *p = reinterpret_cast<char *>(a);
         ^
1 warning generated.
configure:18380: $? = 0
configure:18392: result: yes
configure:18396: checking if g++ supports exception handler (required)
configure:18419: g++ -c -O3 -Wno-deprecated -Wall  conftest.cpp >&5
conftest.cpp:59:11: warning: unused variable 'i' [-Wunused-variable]
      int i = 0;
          ^
1 warning generated.
configure:18419: $? = 0
configure:18431: result: yes
configure:18435: checking if g++ supports namespaces (required) 
configure:18453: g++ -c -O3 -Wno-deprecated -Wall  conftest.cpp >&5
conftest.cpp:59:3: warning: unused variable 'a' [-Wunused-variable]
A a;
  ^
1 warning generated.
configure:18453: $? = 0
configure:18464: result: yes
configure:18468: checking if g++ supports __thread (optional)
configure:18485: g++ -c -O3 -Wno-deprecated -Wall  conftest.cpp >&5
configure:18485: $? = 0
configure:18495: result: yes
configure:18508: checking if g++ environment provides all required features
configure:18516: result: yes
configure:18683: creating ./config.status

## ---------------------- ##
## Running config.status. ##
## ---------------------- ##

This file was extended by config.status, which was
generated by GNU Autoconf 2.68.  Invocation command line was

  CONFIG_FILES    = 
  CONFIG_HEADERS  = 
  CONFIG_LINKS    = 
  CONFIG_COMMANDS = 
  $ ./config.status 

on admin-2.local

config.status:1205: creating Makefile
config.status:1205: creating src/Makefile
config.status:1205: creating src/Makefile.msvc
config.status:1205: creating model/Makefile
config.status:1205: creating man/Makefile
config.status:1205: creating swig/version.h
config.status:1205: creating cabocha-config
config.status:1205: creating cabocharc
config.status:1205: creating cabocha.iss
config.status:1205: creating config.h
config.status:1434: executing depfiles commands
config.status:1434: executing libtool commands
config.status:1434: executing default commands

## ---------------- ##
## Cache variables. ##
## ---------------- ##

ac_cv_build=i386-apple-darwin13.4.0
ac_cv_c_bigendian=no
ac_cv_c_compiler_gnu=yes
ac_cv_c_const=yes
ac_cv_cxx_compiler_gnu=yes
ac_cv_env_CCC_set=
ac_cv_env_CCC_value=
ac_cv_env_CC_set=
ac_cv_env_CC_value=
ac_cv_env_CFLAGS_set=
ac_cv_env_CFLAGS_value=
ac_cv_env_CPPFLAGS_set=
ac_cv_env_CPPFLAGS_value=
ac_cv_env_CPP_set=
ac_cv_env_CPP_value=
ac_cv_env_CXXCPP_set=
ac_cv_env_CXXCPP_value=
ac_cv_env_CXXFLAGS_set=
ac_cv_env_CXXFLAGS_value=
ac_cv_env_CXX_set=
ac_cv_env_CXX_value=
ac_cv_env_LDFLAGS_set=
ac_cv_env_LDFLAGS_value=
ac_cv_env_LIBS_set=set
ac_cv_env_LIBS_value=-liconv
ac_cv_env_build_alias_set=
ac_cv_env_build_alias_value=
ac_cv_env_host_alias_set=
ac_cv_env_host_alias_value=
ac_cv_env_target_alias_set=
ac_cv_env_target_alias_value=
ac_cv_func_getenv=yes
ac_cv_func_getpagesize=yes
ac_cv_func_mmap_fixed_mapped=yes
ac_cv_func_opendir=yes
ac_cv_func_snprintf=yes
ac_cv_header_ctype_h=yes
ac_cv_header_dirent_h=yes
ac_cv_header_dlfcn_h=yes
ac_cv_header_fcntl_h=yes
ac_cv_header_inttypes_h=yes
ac_cv_header_io_h=no
ac_cv_header_memory_h=yes
ac_cv_header_pthread_h=yes
ac_cv_header_stdc=yes
ac_cv_header_stdint_h=yes
ac_cv_header_stdlib_h=yes
ac_cv_header_string_h=yes
ac_cv_header_strings_h=yes
ac_cv_header_sys_mman_h=yes
ac_cv_header_sys_param_h=yes
ac_cv_header_sys_stat_h=yes
ac_cv_header_sys_times_h=yes
ac_cv_header_sys_types_h=yes
ac_cv_header_unistd_h=yes
ac_cv_header_windows_h=no
ac_cv_host=i386-apple-darwin13.4.0
ac_cv_lib_crfpp_crfpp_new=yes
ac_cv_lib_mecab_mecab_new=yes
ac_cv_lib_stdcpp_main=yes
ac_cv_objext=o
ac_cv_path_EGREP='/usr/bin/grep -E'
ac_cv_path_FGREP='/usr/bin/grep -F'
ac_cv_path_GREP=/usr/bin/grep
ac_cv_path_MECAB_CONFIG=/opt/local/bin/mecab-config
ac_cv_path_SED=/usr/bin/sed
ac_cv_path_install='/usr/bin/install -c'
ac_cv_prog_AWK=awk
ac_cv_prog_CPP='gcc -E'
ac_cv_prog_CXXCPP='g++ -E'
ac_cv_prog_ac_ct_AR=ar
ac_cv_prog_ac_ct_CC=gcc
ac_cv_prog_ac_ct_CXX=g++
ac_cv_prog_ac_ct_DLLTOOL=dlltool
ac_cv_prog_ac_ct_DSYMUTIL=dsymutil
ac_cv_prog_ac_ct_LIPO=lipo
ac_cv_prog_ac_ct_NMEDIT=nmedit
ac_cv_prog_ac_ct_OBJDUMP=objdump
ac_cv_prog_ac_ct_OTOOL=otool
ac_cv_prog_ac_ct_RANLIB=ranlib
ac_cv_prog_ac_ct_STRIP=strip
ac_cv_prog_cc_c89=
ac_cv_prog_cc_g=yes
ac_cv_prog_cxx_g=yes
ac_cv_prog_gcc_traditional=no
ac_cv_prog_make_make_set=yes
ac_cv_search_strerror='none required'
ac_cv_sizeof_char=1
ac_cv_sizeof_int=4
ac_cv_sizeof_long=8
ac_cv_sizeof_long_long=8
ac_cv_sizeof_short=2
ac_cv_sizeof_size_t=8
ac_cv_type_off_t=yes
ac_cv_type_size_t=yes
acl_cv_hardcode_direct=no
acl_cv_hardcode_libdir_flag_spec=
acl_cv_hardcode_libdir_separator=
acl_cv_hardcode_minus_L=no
acl_cv_libext=a
acl_cv_path_LD=/Applications/Xcode.app/Contents/Developer/Toolchains/XcodeDefault.xctoolchain/usr/bin/ld
acl_cv_prog_gnu_ld=no
acl_cv_rpath=done
acl_cv_shlibext=dylib
acl_cv_wl=-Wl,
am_cv_CC_dependencies_compiler_type=none
am_cv_CXX_dependencies_compiler_type=none
am_cv_func_iconv='no, consider installing GNU libiconv'
am_cv_lib_iconv=no
lt_cv_apple_cc_single_mod=yes
lt_cv_ar_at_file=no
lt_cv_deplibs_check_method=pass_all
lt_cv_file_magic_cmd='$MAGIC_CMD'
lt_cv_file_magic_test_file=
lt_cv_ld_exported_symbols_list=yes
lt_cv_ld_force_load=yes
lt_cv_ld_reload_flag=-r
lt_cv_nm_interface='BSD nm'
lt_cv_objdir=.libs
lt_cv_path_LD=/Applications/Xcode.app/Contents/Developer/Toolchains/XcodeDefault.xctoolchain/usr/bin/ld
lt_cv_path_LDCXX=/Applications/Xcode.app/Contents/Developer/Toolchains/XcodeDefault.xctoolchain/usr/bin/ld
lt_cv_path_NM=/opt/local/bin/nm
lt_cv_path_mainfest_tool=no
lt_cv_prog_compiler_c_o=yes
lt_cv_prog_compiler_c_o_CXX=yes
lt_cv_prog_compiler_pic='-fno-common -DPIC'
lt_cv_prog_compiler_pic_CXX='-fno-common -DPIC'
lt_cv_prog_compiler_pic_works=yes
lt_cv_prog_compiler_pic_works_CXX=yes
lt_cv_prog_compiler_rtti_exceptions=yes
lt_cv_prog_compiler_static_works=no
lt_cv_prog_compiler_static_works_CXX=no
lt_cv_prog_gnu_ld=no
lt_cv_prog_gnu_ldcxx=no
lt_cv_sharedlib_from_linklib_cmd='printf %s\n'
lt_cv_sys_global_symbol_pipe='sed -n -e '\''s/^.*[	 ]\([BCDEGRST][BCDEGRST]*\)[	 ][	 ]*_\([_A-Za-z][_A-Za-z0-9]*\)$/\1 _\2 \2/p'\'' | sed '\''/ __gnu_lto/d'\'''
lt_cv_sys_global_symbol_to_c_name_address='sed -n -e '\''s/^: \([^ ]*\)[ ]*$/  {\"\1\", (void *) 0},/p'\'' -e '\''s/^[BCDEGRST]* \([^ ]*\) \([^ ]*\)$/  {"\2", (void *) \&\2},/p'\'''
lt_cv_sys_global_symbol_to_c_name_address_lib_prefix='sed -n -e '\''s/^: \([^ ]*\)[ ]*$/  {\"\1\", (void *) 0},/p'\'' -e '\''s/^[BCDEGRST]* \([^ ]*\) \(lib[^ ]*\)$/  {"\2", (void *) \&\2},/p'\'' -e '\''s/^[BCDEGRST]* \([^ ]*\) \([^ ]*\)$/  {"lib\2", (void *) \&\2},/p'\'''
lt_cv_sys_global_symbol_to_cdecl='sed -n -e '\''s/^T .* \(.*\)$/extern int \1();/p'\'' -e '\''s/^[BCDEGRST]* .* \(.*\)$/extern char \1;/p'\'''
lt_cv_sys_max_cmd_len=196608
lt_cv_to_host_file_cmd=func_convert_file_noop
lt_cv_to_tool_file_cmd=func_convert_file_noop

## ----------------- ##
## Output variables. ##
## ----------------- ##

ACLOCAL='${SHELL} /Users/sudo/Desktop/Program/Python/nlp100/file/cabocha/missing --run aclocal-1.11'
AMDEPBACKSLASH='\'
AMDEP_FALSE='#'
AMDEP_TRUE=''
AMTAR='$${TAR-tar}'
AR='ar'
AS='as'
AUTOCONF='${SHELL} /Users/sudo/Desktop/Program/Python/nlp100/file/cabocha/missing --run autoconf'
AUTOHEADER='${SHELL} /Users/sudo/Desktop/Program/Python/nlp100/file/cabocha/missing --run autoheader'
AUTOMAKE='${SHELL} /Users/sudo/Desktop/Program/Python/nlp100/file/cabocha/missing --run automake-1.11'
AWK='awk'
CABOCHA_DEFAULT_RC='${prefix}/etc/cabocharc'
CABOCHA_LIBS='-lcrfpp -lmecab -liconv -L/opt/local/lib -lmecab -lstdc++ '
CABOCHA_MODEL_LIST='chunk.ipa.model chunk.juman.model chunk.unidic.model dep.ipa.model dep.juman.model dep.unidic.model ne.ipa.model ne.juman.model ne.unidic.model'
CABOCHA_TXTMODEL_LIST='chunk.ipa.txt chunk.juman.txt chunk.unidic.txt dep.ipa.txt dep.juman.txt dep.unidic.txt ne.ipa.txt ne.juman.txt ne.unidic.txt'
CABOCHA_USE_UTF8_ONLY=''
CC='gcc'
CCDEPMODE='depmode=none'
CFLAGS='-O3  -Wno-deprecated -Wall'
CHARSET='UTF8'
CPP='gcc -E'
CPPFLAGS=''
CXX='g++'
CXXCPP='g++ -E'
CXXDEPMODE='depmode=none'
CXXFLAGS='-O3 -Wno-deprecated -Wall'
CYGPATH_W='echo'
DEFS='-DHAVE_CONFIG_H'
DEPDIR='.deps'
DLLTOOL='dlltool'
DSYMUTIL='dsymutil'
DUMPBIN=''
ECHO_C='\c'
ECHO_N=''
ECHO_T=''
EGREP='/usr/bin/grep -E'
EXEEXT=''
FGREP='/usr/bin/grep -F'
GREP='/usr/bin/grep'
INSTALL_DATA='${INSTALL} -m 644'
INSTALL_PROGRAM='${INSTALL}'
INSTALL_SCRIPT='${INSTALL}'
INSTALL_STRIP_PROGRAM='$(install_sh) -c -s'
LD='/Applications/Xcode.app/Contents/Developer/Toolchains/XcodeDefault.xctoolchain/usr/bin/ld'
LDFLAGS=''
LIBICONV=''
LIBOBJS=''
LIBS='-lcrfpp -lmecab -liconv -L/opt/local/lib -lmecab -lstdc++ '
LIBTOOL='$(SHELL) $(top_builddir)/libtool'
LIPO='lipo'
LN_S='ln -s'
LTLIBICONV=''
LTLIBOBJS=''
LTVERSION='4:0:0'
MAINT='#'
MAINTAINER_MODE_FALSE=''
MAINTAINER_MODE_TRUE='#'
MAKEINFO='${SHELL} /Users/sudo/Desktop/Program/Python/nlp100/file/cabocha/missing --run makeinfo'
MANIFEST_TOOL=':'
MECAB_CFLAGS=''
MECAB_CONFIG='/opt/local/bin/mecab-config'
MKDIR_P='./install-sh -c -d'
MODEL_VERSION='102'
NM='/opt/local/bin/nm'
NMEDIT='nmedit'
OBJDUMP='objdump'
OBJEXT='o'
OTOOL64=':'
OTOOL='otool'
PACKAGE='cabocha'
PACKAGE_BUGREPORT=''
PACKAGE_NAME=''
PACKAGE_STRING=''
PACKAGE_TARNAME=''
PACKAGE_URL=''
PACKAGE_VERSION=''
PATH_SEPARATOR=':'
POSSET2='ipa'
POSSET='IPA'
RANLIB='ranlib'
SED='/usr/bin/sed'
SET_MAKE=''
SHELL='/bin/sh'
STRIP='strip'
VERSION='0.68'
ac_ct_AR='ar'
ac_ct_CC='gcc'
ac_ct_CXX='g++'
ac_ct_DUMPBIN=''
am__EXEEXT_FALSE=''
am__EXEEXT_TRUE='#'
am__fastdepCC_FALSE=''
am__fastdepCC_TRUE='#'
am__fastdepCXX_FALSE=''
am__fastdepCXX_TRUE='#'
am__include='include'
am__isrc=''
am__leading_dot='.'
am__nodep='_no'
am__quote=''
am__tar='$${TAR-tar} chof - "$$tardir"'
am__untar='$${TAR-tar} xf -'
bindir='${exec_prefix}/bin'
build='i386-apple-darwin13.4.0'
build_alias=''
build_cpu='i386'
build_os='darwin13.4.0'
build_vendor='apple'
datadir='${datarootdir}'
datarootdir='${prefix}/share'
docdir='${datarootdir}/doc/${PACKAGE}'
dvidir='${docdir}'
exec_prefix='${prefix}'
host='i386-apple-darwin13.4.0'
host_alias=''
host_cpu='i386'
host_os='darwin13.4.0'
host_vendor='apple'
htmldir='${docdir}'
includedir='${prefix}/include'
infodir='${datarootdir}/info'
install_sh='${SHELL} /Users/sudo/Desktop/Program/Python/nlp100/file/cabocha/install-sh'
libdir='${exec_prefix}/lib'
libexecdir='${exec_prefix}/libexec'
localedir='${datarootdir}/locale'
localstatedir='${prefix}/var'
mandir='${datarootdir}/man'
mkdir_p='$(top_builddir)/./install-sh -c -d'
oldincludedir='/usr/include'
pdfdir='${docdir}'
prefix='/usr/local'
program_transform_name='s,x,x,'
psdir='${docdir}'
sbindir='${exec_prefix}/sbin'
sharedstatedir='${prefix}/com'
sysconfdir='${prefix}/etc'
target_alias=''

## ----------- ##
## confdefs.h. ##
## ----------- ##

/* confdefs.h */
#define PACKAGE_NAME ""
#define PACKAGE_TARNAME ""
#define PACKAGE_VERSION ""
#define PACKAGE_STRING ""
#define PACKAGE_BUGREPORT ""
#define PACKAGE_URL ""
#define PACKAGE "cabocha"
#define VERSION "0.68"
#define STDC_HEADERS 1
#define HAVE_SYS_TYPES_H 1
#define HAVE_SYS_STAT_H 1
#define HAVE_STDLIB_H 1
#define HAVE_STRING_H 1
#define HAVE_MEMORY_H 1
#define HAVE_STRINGS_H 1
#define HAVE_INTTYPES_H 1
#define HAVE_STDINT_H 1
#define HAVE_UNISTD_H 1
#define HAVE_DLFCN_H 1
#define LT_OBJDIR ".libs/"
#define STDC_HEADERS 1
#define HAVE_STRING_H 1
#define HAVE_STDLIB_H 1
#define HAVE_UNISTD_H 1
#define HAVE_FCNTL_H 1
#define HAVE_SYS_STAT_H 1
#define HAVE_SYS_MMAN_H 1
#define HAVE_SYS_TIMES_H 1
#define HAVE_SYS_TYPES_H 1
#define HAVE_DIRENT_H 1
#define HAVE_CTYPE_H 1
#define HAVE_SYS_TYPES_H 1
#define HAVE_PTHREAD_H 1
#define SIZEOF_CHAR 1
#define SIZEOF_SHORT 2
#define SIZEOF_INT 4
#define SIZEOF_LONG 8
#define SIZEOF_LONG_LONG 8
#define SIZEOF_SIZE_T 8
#define HAVE_STDLIB_H 1
#define HAVE_UNISTD_H 1
#define HAVE_SYS_PARAM_H 1
#define HAVE_GETPAGESIZE 1
#define HAVE_MMAP 1
#define HAVE_GETENV 1
#define HAVE_OPENDIR 1
#define HAVE_SNPRINTF 1
#define HAVE_ICONV_CP932 1
#define HAVE_TLS_KEYWORD 1

configure: exit 0
